<?xml version="1.0" encoding="UTF-8"?>
<!-- Generated by org.testng.reporters.JUnitXMLReporter -->
<testsuite ignored="2" hostname="HDC2-L-PG01LBTJ" failures="0" tests="1" name="Default test" time="0.052" errors="0" timestamp="2024-07-06T17:54:02 IST">
  <testcase classname="testCases.FirstTest" name="sort2" time="0.013"/>
  <testcase classname="testCases.FirstTest" name="testGoogle" time="0.0">
    <ignored/>
  </testcase> <!-- testGoogle -->
  <testcase classname="testCases.FirstTest" name="sort1" time="0.0">
    <ignored/>
  </testcase> <!-- sort1 -->
</testsuite> <!-- Default test -->
