<?xml version="1.0" encoding="UTF-8"?>
<testng-results ignored="0" total="1" passed="1" failed="0" skipped="0">
  <reporter-output>
  </reporter-output>
  <suite started-at="2024-07-07T17:17:59 IST" name="Suite" finished-at="2024-07-07T17:18:18 IST" duration-ms="18604">
    <groups>
    </groups>
    <test started-at="2024-07-07T17:17:59 IST" name="Test" finished-at="2024-07-07T17:18:18 IST" duration-ms="18604">
      <class name="testCases.FirstTest">
        <test-method signature="testGoogle()[pri:0, instance:testCases.FirstTest@20deea7f]" started-at="2024-07-07T17:18:00 IST" name="testGoogle" finished-at="2024-07-07T17:18:18 IST" duration-ms="18513" status="PASS">
          <reporter-output>
          </reporter-output>
        </test-method> <!-- testGoogle -->
      </class> <!-- testCases.FirstTest -->
    </test> <!-- Test -->
  </suite> <!-- Suite -->
</testng-results>
