<?xml version="1.0" encoding="UTF-8"?>
<testng-results ignored="0" total="1" passed="1" failed="0" skipped="0">
  <reporter-output>
  </reporter-output>
  <suite started-at="2024-07-05T12:40:00 IST" name="Default suite" finished-at="2024-07-05T12:40:22 IST" duration-ms="22950">
    <groups>
    </groups>
    <test started-at="2024-07-05T12:40:00 IST" name="Default test" finished-at="2024-07-05T12:40:22 IST" duration-ms="22950">
      <class name="testCases.FirstTest">
        <test-method signature="testGoogle()[pri:0, instance:testCases.FirstTest@393671df]" started-at="2024-07-05T12:40:00 IST" name="testGoogle" finished-at="2024-07-05T12:40:22 IST" duration-ms="22851" status="PASS">
          <reporter-output>
          </reporter-output>
        </test-method> <!-- testGoogle -->
      </class> <!-- testCases.FirstTest -->
    </test> <!-- Default test -->
  </suite> <!-- Default suite -->
</testng-results>
